<?xml version="1.0" encoding="UTF-8"?>
<testsuite name="TestSuite" time="111.916" tests="33" errors="0" skipped="0" failures="0">
  <properties>
    <property name="java.runtime.name" value="Java(TM) SE Runtime Environment"/>
    <property name="java.vm.version" value="11+28"/>
    <property name="sun.boot.library.path" value="/Library/Java/JavaVirtualMachines/jdk-11.jdk/Contents/Home/lib"/>
    <property name="gopherProxySet" value="false"/>
    <property name="maven.multiModuleProjectDirectory" value="/Users/macbook_air/Desktop/Backup/Automation/GasStation"/>
    <property name="java.vm.vendor" value="Oracle Corporation"/>
    <property name="java.vendor.url" value="http://java.oracle.com/"/>
    <property name="guice.disable.misplaced.annotation.check" value="true"/>
    <property name="path.separator" value=":"/>
    <property name="java.vm.name" value="Java HotSpot(TM) 64-Bit Server VM"/>
    <property name="sun.os.patch.level" value="unknown"/>
    <property name="user.script" value="Hans"/>
    <property name="user.country" value="CN"/>
    <property name="sun.java.launcher" value="SUN_STANDARD"/>
    <property name="java.vm.specification.name" value="Java Virtual Machine Specification"/>
    <property name="user.dir" value="/Users/macbook_air/Desktop/Backup/Automation/GasStation"/>
    <property name="java.vm.compressedOopsMode" value="Zero based"/>
    <property name="java.runtime.version" value="11+28"/>
    <property name="java.awt.graphicsenv" value="sun.awt.CGraphicsEnvironment"/>
    <property name="os.arch" value="x86_64"/>
    <property name="java.io.tmpdir" value="/var/folders/pl/wzmp230951v45qkvd7r49x7w0000gn/T/"/>
    <property name="line.separator" value="&#10;"/>
    <property name="java.vm.specification.vendor" value="Oracle Corporation"/>
    <property name="os.name" value="Mac OS X"/>
    <property name="classworlds.conf" value="/Users/macbook_air/Desktop/Maven/bin/m2.conf"/>
    <property name="sun.jnu.encoding" value="UTF-8"/>
    <property name="java.library.path" value="/Users/macbook_air/Library/Java/Extensions:/Library/Java/Extensions:/Network/Library/Java/Extensions:/System/Library/Java/Extensions:/usr/lib/java:."/>
    <property name="maven.conf" value="/Users/macbook_air/Desktop/Maven/conf"/>
    <property name="jdk.debug" value="release"/>
    <property name="java.class.version" value="55.0"/>
    <property name="java.specification.name" value="Java Platform API Specification"/>
    <property name="sun.management.compiler" value="HotSpot 64-Bit Tiered Compilers"/>
    <property name="os.version" value="10.16"/>
    <property name="library.jansi.path" value="/Users/macbook_air/Desktop/Maven/lib/jansi-native"/>
    <property name="http.nonProxyHosts" value="local|*.local|169.254/16|*.169.254/16"/>
    <property name="user.home" value="/Users/macbook_air"/>
    <property name="user.timezone" value="Asia/Shanghai"/>
    <property name="java.awt.printerjob" value="sun.lwawt.macosx.CPrinterJob"/>
    <property name="file.encoding" value="UTF-8"/>
    <property name="java.specification.version" value="11"/>
    <property name="user.name" value="macbook_air"/>
    <property name="java.class.path" value="/Users/macbook_air/Desktop/Maven/boot/plexus-classworlds-2.8.0.jar"/>
    <property name="java.vm.specification.version" value="11"/>
    <property name="sun.arch.data.model" value="64"/>
    <property name="sun.java.command" value="org.codehaus.plexus.classworlds.launcher.Launcher test"/>
    <property name="java.home" value="/Library/Java/JavaVirtualMachines/jdk-11.jdk/Contents/Home"/>
    <property name="user.language" value="zh"/>
    <property name="java.specification.vendor" value="Oracle Corporation"/>
    <property name="awt.toolkit" value="sun.lwawt.macosx.LWCToolkit"/>
    <property name="java.vm.info" value="mixed mode"/>
    <property name="java.version" value="11"/>
    <property name="java.vendor" value="Oracle Corporation"/>
    <property name="maven.home" value="/Users/macbook_air/Desktop/Maven"/>
    <property name="file.separator" value="/"/>
    <property name="java.version.date" value="2018-09-25"/>
    <property name="java.vendor.url.bug" value="http://bugreport.java.com/bugreport/"/>
    <property name="sun.io.unicode.encoding" value="UnicodeBig"/>
    <property name="sun.cpu.endian" value="little"/>
    <property name="java.vendor.version" value="18.9"/>
    <property name="socksNonProxyHosts" value="local|*.local|169.254/16|*.169.254/16"/>
    <property name="ftp.nonProxyHosts" value="local|*.local|169.254/16|*.169.254/16"/>
    <property name="sun.cpu.isalist" value=""/>
  </properties>
  <testcase name="Login" classname="cases.Login" time="1.225"/>
  <testcase name="Login" classname="cases.Shop" time="1.125"/>
  <testcase name="MyShop" classname="cases.Shop" time="4.318"/>
  <testcase name="Login" classname="cases.GasPrice" time="1.14"/>
  <testcase name="GasPriceEdit" classname="cases.GasPrice" time="4.596"/>
  <testcase name="AddZeroDieselPrice" classname="cases.GasPrice" time="12.08"/>
  <testcase name="ModifyGasPrice" classname="cases.GasPrice" time="3.653"/>
  <testcase name="AddWeeklyActivity" classname="cases.GasPrice" time="1.945"/>
  <testcase name="DeleteWeeklyActivity" classname="cases.GasPrice" time="3.655"/>
  <testcase name="Login" classname="cases.GasGun" time="1.06"/>
  <testcase name="GasGunEdit" classname="cases.GasGun" time="4.94"/>
  <testcase name="AddGasGun" classname="cases.GasGun" time="2.01"/>
  <testcase name="ForbidGasGun" classname="cases.GasGun" time="4.51"/>
  <testcase name="DeleteGasGun" classname="cases.GasGun" time="3.484"/>
  <testcase name="Login" classname="cases.TurnOver" time="1.038"/>
  <testcase name="UpdateStatic" classname="cases.TurnOver" time="0.503"/>
  <testcase name="TurnOverRecord" classname="cases.TurnOver" time="6.646"/>
  <testcase name="Invoice" classname="cases.TurnOver" time="3.288"/>
  <testcase name="Login" classname="cases.MarketingReduction" time="1.052"/>
  <testcase name="ReductionCoupon" classname="cases.MarketingReduction" time="7.874"/>
  <testcase name="AddReductionCoupon" classname="cases.MarketingReduction" time="1.839"/>
  <testcase name="OfflineReductionCoupon" classname="cases.MarketingReduction" time="4.11"/>
  <testcase name="DeleteReductionCoupon" classname="cases.MarketingReduction" time="4.057"/>
  <testcase name="Login" classname="cases.MarketingDiscount" time="1.073"/>
  <testcase name="DiscountCoupon" classname="cases.MarketingDiscount" time="7.767"/>
  <testcase name="AddDiscountCoupon" classname="cases.MarketingDiscount" time="1.731"/>
  <testcase name="OfflineDiscountCoupon" classname="cases.MarketingDiscount" time="4.593"/>
  <testcase name="DeleteDiscountCoupon" classname="cases.MarketingDiscount" time="3.505"/>
  <testcase name="Login" classname="cases.MarketingRecharge" time="1.044"/>
  <testcase name="RechargeDiscount" classname="cases.MarketingRecharge" time="8.867"/>
  <testcase name="AddRechargeDiscount" classname="cases.MarketingRecharge" time="1.396"/>
  <testcase name="OfflineRechargeDiscount" classname="cases.MarketingRecharge" time="1.587"/>
  <testcase name="DeleteRechargeDiscount" classname="cases.MarketingRecharge" time="0.205"/>
</testsuite>