<?xml version="1.0" encoding="UTF-8"?>
<testsuite name="TestSuite" time="42.456" tests="18" errors="0" skipped="3" failures="1">
  <properties>
    <property name="java.runtime.name" value="Java(TM) SE Runtime Environment"/>
    <property name="java.vm.version" value="11+28"/>
    <property name="sun.boot.library.path" value="/Library/Java/JavaVirtualMachines/jdk-11.jdk/Contents/Home/lib"/>
    <property name="gopherProxySet" value="false"/>
    <property name="maven.multiModuleProjectDirectory" value="/Users/macbook_air/Desktop/Backup/Automation/GasStation"/>
    <property name="java.vm.vendor" value="Oracle Corporation"/>
    <property name="java.vendor.url" value="http://java.oracle.com/"/>
    <property name="guice.disable.misplaced.annotation.check" value="true"/>
    <property name="path.separator" value=":"/>
    <property name="java.vm.name" value="Java HotSpot(TM) 64-Bit Server VM"/>
    <property name="sun.os.patch.level" value="unknown"/>
    <property name="user.script" value="Hans"/>
    <property name="user.country" value="CN"/>
    <property name="sun.java.launcher" value="SUN_STANDARD"/>
    <property name="java.vm.specification.name" value="Java Virtual Machine Specification"/>
    <property name="user.dir" value="/Users/macbook_air/Desktop/Backup/Automation/GasStation"/>
    <property name="java.vm.compressedOopsMode" value="Zero based"/>
    <property name="java.runtime.version" value="11+28"/>
    <property name="java.awt.graphicsenv" value="sun.awt.CGraphicsEnvironment"/>
    <property name="os.arch" value="x86_64"/>
    <property name="java.io.tmpdir" value="/var/folders/pl/wzmp230951v45qkvd7r49x7w0000gn/T/"/>
    <property name="line.separator" value="&#10;"/>
    <property name="java.vm.specification.vendor" value="Oracle Corporation"/>
    <property name="os.name" value="Mac OS X"/>
    <property name="classworlds.conf" value="/Users/macbook_air/Desktop/apache-maven-3.9.7/bin/m2.conf"/>
    <property name="sun.jnu.encoding" value="UTF-8"/>
    <property name="java.library.path" value="/Users/macbook_air/Library/Java/Extensions:/Library/Java/Extensions:/Network/Library/Java/Extensions:/System/Library/Java/Extensions:/usr/lib/java:."/>
    <property name="maven.conf" value="/Users/macbook_air/Desktop/apache-maven-3.9.7/conf"/>
    <property name="jdk.debug" value="release"/>
    <property name="java.class.version" value="55.0"/>
    <property name="java.specification.name" value="Java Platform API Specification"/>
    <property name="sun.management.compiler" value="HotSpot 64-Bit Tiered Compilers"/>
    <property name="os.version" value="10.16"/>
    <property name="library.jansi.path" value="/Users/macbook_air/Desktop/apache-maven-3.9.7/lib/jansi-native"/>
    <property name="http.nonProxyHosts" value="local|*.local|169.254/16|*.169.254/16"/>
    <property name="user.home" value="/Users/macbook_air"/>
    <property name="user.timezone" value="Asia/Shanghai"/>
    <property name="java.awt.printerjob" value="sun.lwawt.macosx.CPrinterJob"/>
    <property name="file.encoding" value="UTF-8"/>
    <property name="java.specification.version" value="11"/>
    <property name="user.name" value="macbook_air"/>
    <property name="java.class.path" value="/Users/macbook_air/Desktop/apache-maven-3.9.7/boot/plexus-classworlds-2.8.0.jar"/>
    <property name="java.vm.specification.version" value="11"/>
    <property name="sun.arch.data.model" value="64"/>
    <property name="sun.java.command" value="org.codehaus.plexus.classworlds.launcher.Launcher test"/>
    <property name="java.home" value="/Library/Java/JavaVirtualMachines/jdk-11.jdk/Contents/Home"/>
    <property name="user.language" value="zh"/>
    <property name="java.specification.vendor" value="Oracle Corporation"/>
    <property name="awt.toolkit" value="sun.lwawt.macosx.LWCToolkit"/>
    <property name="java.vm.info" value="mixed mode"/>
    <property name="java.version" value="11"/>
    <property name="java.vendor" value="Oracle Corporation"/>
    <property name="maven.home" value="/Users/macbook_air/Desktop/apache-maven-3.9.7"/>
    <property name="file.separator" value="/"/>
    <property name="java.version.date" value="2018-09-25"/>
    <property name="java.vendor.url.bug" value="http://bugreport.java.com/bugreport/"/>
    <property name="sun.io.unicode.encoding" value="UnicodeBig"/>
    <property name="sun.cpu.endian" value="little"/>
    <property name="java.vendor.version" value="18.9"/>
    <property name="socksNonProxyHosts" value="local|*.local|169.254/16|*.169.254/16"/>
    <property name="ftp.nonProxyHosts" value="local|*.local|169.254/16|*.169.254/16"/>
    <property name="sun.cpu.isalist" value=""/>
  </properties>
  <testcase name="Login" classname="cases.Login" time="1.167"/>
  <testcase name="Login" classname="cases.Shop" time="1.094"/>
  <testcase name="MyShop" classname="cases.Shop" time="4.501"/>
  <testcase name="Login" classname="cases.GasPrice" time="1.123"/>
  <testcase name="GasPriceEdit" classname="cases.GasPrice" time="5.108"/>
  <testcase name="AddZeroDieselPrice" classname="cases.GasPrice" time="7.484"/>
  <testcase name="ModifyGasPrice" classname="cases.GasPrice" time="0.992"/>
  <testcase name="AddWeeklyActivity" classname="cases.GasPrice" time="1.07"/>
  <testcase name="DeleteWeeklyActivity" classname="cases.GasPrice" time="3.525"/>
  <testcase name="Login" classname="cases.GasGun" time="1.105"/>
  <testcase name="GasGunEdit" classname="cases.GasGun" time="4.638">
    <failure type="java.lang.AssertionError:">java.lang.AssertionError: null
	at tools.Browser.Assert(Browser.java:245)
	at cases.GasGun.GasGunEdit(GasGun.java:44)
</failure>
    <system-err><![CDATA[7月 19, 2024 3:34:30 下午 tools.Browser explicitlyWait
信息: explicitlyWait element【By.xpath: /html/body/div[1]/div[2]/div[2]/div/div[3]/div/div/div/div/div[1]/img】for 20 seconds.
7月 19, 2024 3:34:30 下午 tools.Browser explicitlyWait
信息: explicitlyWait element【By.xpath: /html/body/div[1]/div[2]/div[2]/div[2]/div[2]/div】for 20 seconds.
7月 19, 2024 3:34:30 下午 tools.Browser explicitlyWait
信息: explicitlyWait element【By.xpath: /html/body/div[1]/div[2]/div[2]/div[1]/div[2]】for 20 seconds.
]]></system-err>
  </testcase>
  <testcase name="AddGasGun" classname="cases.GasGun" time="0">
    <skipped/>
  </testcase>
  <testcase name="ForbidGasGun" classname="cases.GasGun" time="0">
    <skipped/>
  </testcase>
  <testcase name="DeleteGasGun" classname="cases.GasGun" time="0">
    <skipped/>
  </testcase>
  <testcase name="Login" classname="cases.TurnOver" time="1.116"/>
  <testcase name="UpdateStatic" classname="cases.TurnOver" time="0.484"/>
  <testcase name="TurnOverRecord" classname="cases.TurnOver" time="7.064"/>
  <testcase name="Invoice" classname="cases.TurnOver" time="1.985"/>
</testsuite>